<ns0:test-suite xmlns:ns0="urn:model.allure.qatools.yandex.ru" start="1530785457628" stop="1530785457954">
  <description>
Created on 2018-07-04
@author: Raymen
Project: 使用Pytest框架编写接口测试
</description>
  <name>Test_relenishinfohis</name>
  <labels/>
  <test-cases>
    <test-case start="1530785457628" status="failed" stop="1530785457943">
      <name>TestRih.test_statuscode</name>
      <failure>
        <message>AssertionError: assert 200 == 100
 +  where 200 = &lt;Response [200]&gt;.status_code
 +    where &lt;Response [200]&gt; = &lt;Test_relenishinfohis.TestRih object at 0x10a479860&gt;.response</message>
        <stack-trace>self = &lt;Test_relenishinfohis.TestRih object at 0x10a479860&gt;

    def test_statuscode(self):
        # 验证服务器状态
&gt;       assert self.response.status_code == 100
E       assert 200 == 100
E        +  where 200 = &lt;Response [200]&gt;.status_code
E        +    where &lt;Response [200]&gt; = &lt;Test_relenishinfohis.TestRih object at 0x10a479860&gt;.response

testcase/Test_relenishinfohis.py:57: AssertionError</stack-trace>
      </failure>
      <attachments>
        <attachment source="0bb2ca74-e7ab-4b0a-99b7-e4500de92c82-attachment.txt" title="Captured stdout setup" type="text/plain"/>
      </attachments>
      <labels>
        <label name="severity" value="normal"/>
        <label name="thread" value="86609-MainThread"/>
        <label name="host" value="RaymendeMacBook-Pro.local"/>
        <label name="framework" value="pytest"/>
        <label name="language" value="cpython3"/>
      </labels>
      <steps/>
    </test-case>
    <test-case start="1530785457945" status="passed" stop="1530785457946">
      <name>TestRih.test_ftcar_license</name>
      <attachments>
        <attachment source="ee511dc9-422e-479c-a60d-b674ef20cfcc-attachment.txt" title="Captured stdout setup" type="text/plain"/>
      </attachments>
      <labels>
        <label name="severity" value="normal"/>
        <label name="thread" value="86609-MainThread"/>
        <label name="host" value="RaymendeMacBook-Pro.local"/>
        <label name="framework" value="pytest"/>
        <label name="language" value="cpython3"/>
      </labels>
      <steps/>
    </test-case>
    <test-case start="1530785457947" status="passed" stop="1530785457948">
      <name>TestRih.test_ftcar_lastime_isnotNUll</name>
      <attachments>
        <attachment source="42c4daab-a100-4083-bb9b-e8d501647c3a-attachment.txt" title="Captured stdout setup" type="text/plain"/>
      </attachments>
      <labels>
        <label name="severity" value="normal"/>
        <label name="thread" value="86609-MainThread"/>
        <label name="host" value="RaymendeMacBook-Pro.local"/>
        <label name="framework" value="pytest"/>
        <label name="language" value="cpython3"/>
      </labels>
      <steps/>
    </test-case>
    <test-case start="1530785457949" status="passed" stop="1530785457954">
      <name>TestRih.test_carcount</name>
      <attachments>
        <attachment source="eb1556b4-0a05-4d5d-9ae0-7ff2644adff7-attachment.txt" title="Captured stdout setup" type="text/plain"/>
        <attachment source="5e5e4b8d-f05d-4f24-b408-847cdb399f82-attachment.txt" title="Captured stdout call" type="text/plain"/>
      </attachments>
      <labels>
        <label name="severity" value="normal"/>
        <label name="thread" value="86609-MainThread"/>
        <label name="host" value="RaymendeMacBook-Pro.local"/>
        <label name="framework" value="pytest"/>
        <label name="language" value="cpython3"/>
      </labels>
      <steps/>
    </test-case>
  </test-cases>
</ns0:test-suite>
